<?xml version="1.0" encoding="UTF-8"?>
<!-- Generated by org.testng.reporters.JUnitReportReporter -->
<testsuite skipped="0" hostname="LAPTOP-2C0613A2" name="EndtoEndFrameWork.Test1" tests="1" failures="0" timestamp="4 Jan 2022 10:52:47 GMT" time="27.781" errors="0">
  <testcase name="m1" time="27.781" classname="EndtoEndFrameWork.Test1"/>
</testsuite> <!-- EndtoEndFrameWork.Test1 -->
