<?xml version="1.0" encoding="UTF-8"?>
<!-- Generated by org.testng.reporters.JUnitReportReporter -->
<testsuite skipped="0" hostname="LAPTOP-2C0613A2" name="EndtoEndFrameWork.validateTitle" tests="1" failures="0" timestamp="5 Jan 2022 13:03:35 GMT" time="10.164" errors="0">
  <testcase name="ValidateTitle" time="10.164" classname="EndtoEndFrameWork.validateTitle"/>
</testsuite> <!-- EndtoEndFrameWork.validateTitle -->
