<?xml version="1.0" encoding="UTF-8"?>
<!-- Generated by org.testng.reporters.JUnitReportReporter -->
<testsuite skipped="0" hostname="LAPTOP-2C0613A2" name="EndtoEndFrameWork.qaClickTest" tests="2" failures="0" timestamp="6 Jan 2022 21:16:50 GMT" time="24.329" errors="0">
  <testcase name="NavigatePage" time="9.574" classname="EndtoEndFrameWork.qaClickTest"/>
  <testcase name="NavigatePage" time="14.755" classname="EndtoEndFrameWork.qaClickTest"/>
</testsuite> <!-- EndtoEndFrameWork.qaClickTest -->
