<?xml version="1.0" encoding="UTF-8"?>
<!-- Generated by org.testng.reporters.JUnitReportReporter -->
<testsuite skipped="0" hostname="LAPTOP-2C0613A2" name="EndtoEndFrameWork.validateTitleTest" tests="1" failures="0" timestamp="2022-01-10T12:39:15 IST" time="0.170" errors="0">
  <testcase name="ValidateTitle" time="0.170" classname="EndtoEndFrameWork.validateTitleTest"/>
  <system-out/>
</testsuite> <!-- EndtoEndFrameWork.validateTitleTest -->
